      {
        "id": 260,
        "message": "W32time 服务定期配置和状态消息\r\n配置:\r\nEventLogFlags: 2 (本地)\nAnnounceFlags: 10 (本地)\nTimeJumpAuditOffset: 28800 (本地)\nMinPollInterval: 10 (本地)\nMaxPollInterval: 15 (本地)\nMaxNegPhaseCorrection: 54000 (本地)\nMaxPosPhaseCorrection: 54000 (本地)\nMaxAllowedPhaseOffset: 1 (本地)\n\nFrequencyCorrectRate: 4 (本地)\nPollAdjustFactor: 5 (本地)\nLargePhaseOffset: 50000000 (本地)\nSpikeWatchPeriod: 900 (本地)\nLocalClockDispersion: 10 (本地)\nHoldPeriod: 5 (本地)\nPhaseCorrectRate: 1 (本地)\nUpdateInterval: 360000 (本地)\n\nFileLogName:  (本地)\nFileLogEntries:  (本地)\nFileLogSize: 0 (本地)\nFileLogFlags: 0 (未定义或未使用)\n\nUtilizeSslTimeData: 1 (本地)\n\n[Leap Seconds]\nEnabled: 1 (Local)\nTotal Leap Seconds (after June 2018): 0 (Local)\nCurrent UTC offset: 0 (Local)\n\r\n时间提供程序:\r\nNtpClient (本地)\nDllName: C:\\WINDOWS\\system32\\w32time.dll (本地)\nEnabled: 1 (本地)\nInputProvider: 1 (本地)\nCrossSiteSyncFlags: 0 (未定义或未使用)\nAllowNonstandardModeCombinations: 1 (本地)\nResolvePeerBackoffMinutes: 15 (本地)\nResolvePeerBackoffMaxTimes: 7 (本地)\nCompatibilityFlags: 2147483648 (本地)\nEventLogFlags: 1 (本地)\nLargeSampleSkew: 3 (本地)\nSpecialPollInterval: 32768 (本地)\nType: NTP (本地)\nNtpServer: time.windows.com,0x9 (本地)\n\nNtpServer (本地)\nDllName: C:\\WINDOWS\\system32\\w32time.dll (本地)\nEnabled: 0 (本地)\nInputProvider: 0 (本地)\n\n\n\r\n当前状态:\r\nLeap 指示符: 3\r\n层次: 0\r\n精度: -23\r\nRootDelay: 0.0000000s\r\nRootDispersion: 0.0000000s\r\nReferenceId: 0x00000000\r\n上次成功同步时间: 1601-01-01T00:00:00.0Z (UTC)\r\n源: Local CMOS Clock\r\n轮询间隔: 10\r\n相位偏移: 0.0000000s\r\n时钟速率: 156250\r\n状态机: 0\r\n时间源标志: 0\r\n服务器角色: 0\r\n上次同步错误: 1\r\n上次成功同步后的时间: 1040.0013923s\r\n系统滴答计数: 1368406\r\n有关详细信息，请参阅 https://go.microsoft.com/fwlink/?linkid=845961。",
        "provider": "Microsoft-Windows-Time-Service",
        "record_id": 23396,
        "time": "2026-10-09T17:43:32.6662040+08:00"
      },
      {
        "id": 259,
        "message": "NTP 客户端提供程序定期状态:\r\nNTP 客户端正在接收来自以下 NTP 服务器的时间数据: ; 且选定引用时间服务器为 。系统时钟周期计数为 1368406。IFTSTMP:1.\r\n有关详细信息，请参阅 https://go.microsoft.com/fwlink/?linkid=845961。",
        "provider": "Microsoft-Windows-Time-Service",
        "record_id": 23395,
        "time": "2026-10-09T17:43:32.6641453+08:00"
      },
      {
        "id": 257,
        "message": "已于 2026-10-09T09:26:12.657Z (UTC) 启动 W32time 服务，系统滴答计数为 328015。\r\n配置:\r\nEventLogFlags: 2 (本地)\nAnnounceFlags: 10 (本地)\nTimeJumpAuditOffset: 28800 (本地)\nMinPollInterval: 10 (本地)\nMaxPollInterval: 15 (本地)\nMaxNegPhaseCorrection: 54000 (本地)\nMaxPosPhaseCorrection: 54000 (本地)\nMaxAllowedPhaseOffset: 1 (本地)\n\nFrequencyCorrectRate: 4 (本地)\nPollAdjustFactor: 5 (本地)\nLargePhaseOffset: 50000000 (本地)\nSpikeWatchPeriod: 900 (本地)\nLocalClockDispersion: 10 (本地)\nHoldPeriod: 5 (本地)\nPhaseCorrectRate: 1 (本地)\nUpdateInterval: 360000 (本地)\n\nFileLogName:  (本地)\nFileLogEntries:  (本地)\nFileLogSize: 0 (本地)\nFileLogFlags: 0 (未定义或未使用)\n\nUtilizeSslTimeData: 1 (本地)\n\n[Leap Seconds]\nEnabled: 1 (Local)\nTotal Leap Seconds (after June 2018): 0 (Local)\nCurrent UTC offset: 0 (Local)\n\r\n时间提供程序:\r\nNtpClient (本地)\nDllName: C:\\WINDOWS\\system32\\w32time.dll (本地)\nEnabled: 1 (本地)\nInputProvider: 1 (本地)\nCrossSiteSyncFlags: 0 (未定义或未使用)\nAllowNonstandardModeCombinations: 1 (本地)\nResolvePeerBackoffMinutes: 15 (本地)\nResolvePeerBackoffMaxTimes: 7 (本地)\nCompatibilityFlags: 2147483648 (本地)\nEventLogFlags: 1 (本地)\nLargeSampleSkew: 3 (本地)\nSpecialPollInterval: 32768 (本地)\nType: NTP (本地)\nNtpServer: time.windows.com,0x9 (本地)\n\nNtpServer (本地)\nDllName: C:\\WINDOWS\\system32\\w32time.dll (本地)\nEnabled: 0 (本地)\nInputProvider: 0 (本地)\n\n\n时钟速率:156250\r\n有关详细信息，请参阅 https://go.microsoft.com/fwlink/?linkid=845961。",
        "provider": "Microsoft-Windows-Time-Service",
        "record_id": 23394,
        "time": "2026-10-09T17:26:12.6578079+08:00"
      },
      {
        "id": 272,
        "message": "闰秒配置:\r\n已启用: 1 (本地)\r\n计数: 0 (本地)\r\nUTC 的当前偏移量(秒): 0 (本地)\r\n与设置一致的运行时状态: 1\r\n最新闰秒列表(本地):\r\n\r\n系统滴答计数: 328015。\r\n\r\n有关详细信息，请访问 https://go.microsoft.com/fwlink/?linkid=845961。",
        "provider": "Microsoft-Windows-Time-Service",
        "record_id": 23393,
        "time": "2026-10-09T17:26:12.2744202+08:00"
      },
      {
        "id": 261,
        "message": "W32time 服务已将系统时间设置为 2026-10-09T09:17:25.3Z (UTC)。上次系统时间为 2026-10-09T09:17:25.2Z (UTC)。系统滴答计数: 80090546\r\n有关详细信息，请参阅 https://go.microsoft.com/fwlink/?linkid=845961。",
        "provider": "Microsoft-Windows-Time-Service",
        "record_id": 23392,
        "time": "2026-10-09T17:17:25.0047761+08:00"
      }
    ],
    "time_service_log": {
      "is_enabled": true,
      "log_mode": "Circular",
      "record_count": 888
    },
    "time_service_query_error": null
  },
  "source": "operations/windows_events.stdout.txt"
}
