{
  "decoded_without_replacement": true,
  "encoding": "GB18030",
  "events": {
    "end_local": "2026-10-10T12:12:17.2097433+08:00",
    "scope": "Each log limited to latest 300 matching records; no records does not prove absence",
    "start_local": "2026-10-09T16:00:00.0000000",
    "system_events": [
      {
        "id": 11,
        "message": "已完成配置单元 \\??\\GLOBALROOT\\Device\\HarddiskVolumeShadowCopy3\\WINDOWS\\System32\\config\\SOFTWARE (TM: {d35f0618-c3e3-11f1-b6c9-2ad043504b84}，RM: {d35f0617-c3e3-11f1-b6c9-2ad043504b84})的 TxR 初始化阶段，结果=0xC00000A2 (内部代码=7)。",
        "provider": "Microsoft-Windows-Kernel-General",
        "record_id": 336476,
        "time": "2026-10-10T11:12:15.3611108+08:00"
      },
      {
        "id": 11,
        "message": "已完成配置单元 \\??\\GLOBALROOT\\Device\\HarddiskVolumeShadowCopy3\\WINDOWS\\System32\\config\\DRIVERS (TM: {d35f0615-c3e3-11f1-b6c9-2ad043504b84}，RM: {d35f0614-c3e3-11f1-b6c9-2ad043504b84})的 TxR 初始化阶段，结果=0xC00000A2 (内部代码=7)。",
        "provider": "Microsoft-Windows-Kernel-General",
        "record_id": 336475,
        "time": "2026-10-10T11:12:14.3342516+08:00"
      },
      {
        "id": 11,
        "message": "已完成配置单元 \\??\\GLOBALROOT\\Device\\HarddiskVolumeShadowCopy3\\WINDOWS\\System32\\config\\SYSTEM (TM: {d35f0612-c3e3-11f1-b6c9-2ad043504b84}，RM: {d35f0611-c3e3-11f1-b6c9-2ad043504b84})的 TxR 初始化阶段，结果=0xC00000A2 (内部代码=7)。",
        "provider": "Microsoft-Windows-Kernel-General",
        "record_id": 336474,
        "time": "2026-10-10T11:12:14.2457367+08:00"
      },
      {
        "id": 16,
        "message": "已经清除配置单元 \\??\\C:\\ProgramData\\Microsoft\\Windows\\AppRepository\\Packages\\OpenAI.Codex_26.1007.2314.0_x64__2p2nqsd0c76g0\\ActivationStore.dat 中的访问历史记录，更新 0 个项并创建 0 个已修改的页面。",
        "provider": "Microsoft-Windows-Kernel-General",
        "record_id": 336469,
        "time": "2026-10-10T11:03:45.2776002+08:00"
      },
      {
        "id": 566,
        "message": "系统会话已从6转换为 7.\r\n\r\n原因 Unknown \r\n\r\nBootId： 682",
        "provider": "Microsoft-Windows-Kernel-Power",
        "record_id": 336448,
        "time": "2026-10-10T11:02:04.1108189+08:00"
      },
      {
        "id": 507,
        "message": "系统正在退出新型待机状态 \r\n\r\n原因: Power Button。",
        "provider": "Microsoft-Windows-Kernel-Power",
        "record_id": 336447,
        "time": "2026-10-10T11:02:04.1106961+08:00"
      },
      {
        "id": 134,
        "message": "NtpClient 无法将手动对等机设置为用作时间源，因为“time.windows.com,0x9”上出现 DNS 解析错误。NtpClient 将在 15 分钟后重试，此后重试间隔增加一倍。错误为: 不知道这样的主机。 (0x80072AF9)",
        "provider": "Microsoft-Windows-Time-Service",
        "record_id": 336446,
        "time": "2026-10-10T11:02:03.2755853+08:00"
      },
      {
        "id": 134,
        "message": "NtpClient 无法将手动对等机设置为用作时间源，因为“time.windows.com,0x9”上出现 DNS 解析错误。NtpClient 将在 15 分钟后重试，此后重试间隔增加一倍。错误为: 不知道这样的主机。 (0x80072AF9)",
        "provider": "Microsoft-Windows-Time-Service",
        "record_id": 336445,
        "time": "2026-10-10T09:36:43.1144983+08:00"
      },
      {
        "id": 134,
        "message": "NtpClient 无法将手动对等机设置为用作时间源，因为“time.windows.com,0x9”上出现 DNS 解析错误。NtpClient 将在 15 分钟后重试，此后重试间隔增加一倍。错误为: 不知道这样的主机。 (0x80072AF9)",
        "provider": "Microsoft-Windows-Time-Service",
        "record_id": 336444,
        "time": "2026-10-10T08:34:37.9564726+08:00"
      },
      {
        "id": 134,
        "message": "NtpClient 无法将手动对等机设置为用作时间源，因为“time.windows.com,0x9”上出现 DNS 解析错误。NtpClient 将在 15 分钟后重试，此后重试间隔增加一倍。错误为: 不知道这样的主机。 (0x80072AF9)",
        "provider": "Microsoft-Windows-Time-Service",
        "record_id": 336443,
        "time": "2026-10-10T07:35:04.2859881+08:00"
      },
      {
        "id": 134,
        "message": "NtpClient 无法将手动对等机设置为用作时间源，因为“time.windows.com,0x9”上出现 DNS 解析错误。NtpClient 将在 15 分钟后重试，此后重试间隔增加一倍。错误为: 不知道这样的主机。 (0x80072AF9)",
        "provider": "Microsoft-Windows-Time-Service",
        "record_id": 336442,
        "time": "2026-10-10T06:35:14.4208091+08:00"
      },
      {
        "id": 566,
        "message": "系统会话已从5转换为 6.\r\n\r\n原因 PolicyChange \r\n\r\nBootId： 682",
        "provider": "Microsoft-Windows-Kernel-Power",
        "record_id": 336441,
        "time": "2026-10-10T03:33:51.7660166+08:00"
      },
      {
        "id": 506,
        "message": "系统正在进入新型待机状态 \r\n\r\n原因: 16777220。",
        "provider": "Microsoft-Windows-Kernel-Power",
        "record_id": 336440,
        "time": "2026-10-10T03:33:43.2601847+08:00"
      },
      {
        "id": 566,
        "message": "系统会话已从4转换为 5.\r\n\r\n原因 16777220 \r\n\r\nBootId： 682",
        "provider": "Microsoft-Windows-Kernel-Power",
        "record_id": 336439,
        "time": "2026-10-10T03:33:43.2581368+08:00"
      },
      {
        "id": 507,
        "message": "系统正在退出新型待机状态 \r\n\r\n原因: 16777220。",
        "provider": "Microsoft-Windows-Kernel-Power",
        "record_id": 336438,
        "time": "2026-10-10T03:33:43.2579592+08:00"
      },
      {
        "id": 566,
        "message": "系统会话已从3转换为 4.\r\n\r\n原因 PolicyChange \r\n\r\nBootId： 682",
        "provider": "Microsoft-Windows-Kernel-Power",
        "record_id": 336429,
        "time": "2026-10-10T01:10:57.9128123+08:00"
      },
      {
        "id": 506,
        "message": "系统正在进入新型待机状态 \r\n\r\n原因: 16777220。",
        "provider": "Microsoft-Windows-Kernel-Power",
        "record_id": 336427,
        "time": "2026-10-10T01:10:48.6315947+08:00"
      },
      {
        "id": 566,
        "message": "系统会话已从2转换为 3.\r\n\r\n原因 16777220 \r\n\r\nBootId： 682",
        "provider": "Microsoft-Windows-Kernel-Power",
        "record_id": 336426,
        "time": "2026-10-10T01:10:48.6301065+08:00"
      },
      {
        "id": 507,
        "message": "系统正在退出新型待机状态 \r\n\r\n原因: 16777220。",
        "provider": "Microsoft-Windows-Kernel-Power",
        "record_id": 336425,
        "time": "2026-10-10T01:10:48.6299894+08:00"
      },
      {
        "id": 1,
        "message": "系统时间已从 ?2026?-?10?-?09T16:10:17.547645800Z.\r\n时间增量更改为 ?2026?-?10?-?09T16:10:17.549754800Z： 2 ms\r\n\r\n更改原因： An application or system component changed the time.\r\n进程： '\\Device\\HarddiskVolume3\\Windows\\System32\\svchost.exe' (PID 32148).\r\n\r\nRTC 时间： ?2026?-?10?-?10T00:10:17.549754800Z\r\n当前时区偏差 -480\r\nRTC 时间以 UTC： false\r\n系统时间基于 RTC 时间： false",
        "provider": "Microsoft-Windows-Kernel-General",
        "record_id": 336413,
        "time": "2026-10-10T00:10:17.5503744+08:00"
      },
      {
        "id": 24,
        "message": "已刷新时区信息，退出原因为 0。当前时区偏差为 -480。",
        "provider": "Microsoft-Windows-Kernel-General",
        "record_id": 336412,
        "time": "2026-10-10T00:10:17.5503491+08:00"
      },
      {
        "id": 566,
        "message": "系统会话已从1转换为 2.\r\n\r\n原因 PolicyChange \r\n\r\nBootId： 682",
        "provider": "Microsoft-Windows-Kernel-Power",
        "record_id": 336411,
        "time": "2026-10-10T00:10:17.5474565+08:00"
      },
      {
        "id": 506,
        "message": "系统正在进入新型待机状态 \r\n\r\n原因: Lid。",
        "provider": "Microsoft-Windows-Kernel-Power",
        "record_id": 336410,
        "time": "2026-10-10T00:10:16.3579219+08:00"
      },
      {
        "id": 566,
        "message": "系统会话已从0转换为 1.\r\n\r\n原因 PolicyChange \r\n\r\nBootId： 682",
        "provider": "Microsoft-Windows-Kernel-Power",
        "record_id": 336409,
        "time": "2026-10-10T00:10:16.3571931+08:00"
      },
      {
        "id": 158,
        "message": "时间提供程序“VMICTimeProvider”指示，当前的硬件和运行环境不受支持并且已停止。对于非 HyperV 来宾环境中的 VMICTimeProvider，这是正常现象。对于当前操作环境中的当前提供程序，这可能也是正常现象。",
        "provider": "Microsoft-Windows-Time-Service",
        "record_id": 336379,
        "time": "2026-10-09T22:28:38.8428926+08:00"
      },
      {
        "id": 158,
        "message": "时间提供程序“VMICTimeProvider”指示，当前的硬件和运行环境不受支持并且已停止。对于非 HyperV 来宾环境中的 VMICTimeProvider，这是正常现象。对于当前操作环境中的当前提供程序，这可能也是正常现象。",
        "provider": "Microsoft-Windows-Time-Service",
        "record_id": 336375,
        "time": "2026-10-09T22:11:34.9373447+08:00"
      },
      {
        "id": 16,
        "message": "已经清除配置单元 \\??\\C:\\Users\\28489\\AppData\\Local\\Packages\\Microsoft.Windows.ContentDeliveryManager_cw5n1h2txyewy\\Settings\\settings.dat 中的访问历史记录，更新 248 个项并创建 48 个已修改的页面。",
        "provider": "Microsoft-Windows-Kernel-General",
        "record_id": 336374,
        "time": "2026-10-09T21:55:49.9570661+08:00"
      },
      {
        "id": 158,
        "message": "时间提供程序“VMICTimeProvider”指示，当前的硬件和运行环境不受支持并且已停止。对于非 HyperV 来宾环境中的 VMICTimeProvider，这是正常现象。对于当前操作环境中的当前提供程序，这可能也是正常现象。",
        "provider": "Microsoft-Windows-Time-Service",
        "record_id": 336373,
        "time": "2026-10-09T21:54:31.0713611+08:00"
      },
      {
        "id": 158,
        "message": "时间提供程序“VMICTimeProvider”指示，当前的硬件和运行环境不受支持并且已停止。对于非 HyperV 来宾环境中的 VMICTimeProvider，这是正常现象。对于当前操作环境中的当前提供程序，这可能也是正常现象。",
        "provider": "Microsoft-Windows-Time-Service",
        "record_id": 336372,
        "time": "2026-10-09T21:37:27.2890013+08:00"
      },
      {
        "id": 35,
        "message": "时间服务正在使用引用 ID 为 3077760820 的时间源 time.windows.com,0x9 (ntp.m|0x9|0.0.0.0:123->52.231.114.183:123) 同步系统时间。当前本地层次编号为 5。",
        "provider": "Microsoft-Windows-Time-Service",
        "record_id": 336361,
        "time": "2026-10-09T21:20:23.2706022+08:00"
      },
      {
        "id": 37,
        "message": "时间提供程序 NtpClient 正在从 time.windows.com,0x9 (ntp.m|0x9|0.0.0.0:123->52.231.114.183:123) 接收有效的时间数据。",
        "provider": "Microsoft-Windows-Time-Service",
        "record_id": 336360,
        "time": "2026-10-09T21:20:08.8998072+08:00"
      },
      {
        "id": 158,
        "message": "时间提供程序“VMICTimeProvider”指示，当前的硬件和运行环境不受支持并且已停止。对于非 HyperV 来宾环境中的 VMICTimeProvider，这是正常现象。对于当前操作环境中的当前提供程序，这可能也是正常现象。",
        "provider": "Microsoft-Windows-Time-Service",
        "record_id": 336357,
        "time": "2026-10-09T21:20:07.2520052+08:00"
      },
      {
        "id": 105,
        "message": "电源更改。",
        "provider": "Microsoft-Windows-Kernel-Power",
        "record_id": 336328,
        "time": "2026-10-09T21:19:25.9629671+08:00"
      },
      {
        "id": 521,
        "message": "可用电池计数变化。",
        "provider": "Microsoft-Windows-Kernel-Power",
        "record_id": 336222,
        "time": "2026-10-09T21:17:53.0102646+08:00"
      },
      {
        "id": 105,
        "message": "电源更改。",
        "provider": "Microsoft-Windows-Kernel-Power",
        "record_id": 336221,
        "time": "2026-10-09T21:17:53.0101727+08:00"
      },
      {
        "id": 521,
        "message": "可用电池计数变化。",
        "provider": "Microsoft-Windows-Kernel-Power",
        "record_id": 336220,
        "time": "2026-10-09T21:17:53.0089565+08:00"
      },
      {
        "id": 24,
        "message": "已刷新时区信息，退出原因为 0。当前时区偏差为 -480。",
        "provider": "Microsoft-Windows-Kernel-General",
        "record_id": 336183,
        "time": "2026-10-09T21:17:52.3705920+08:00"
      },
      {
        "id": 172,
        "message": "备用连接状态: Disconnected，原因: Enforced",
        "provider": "Microsoft-Windows-Kernel-Power",
        "record_id": 336162,
        "time": "2026-10-09T21:17:51.5958839+08:00"
      },
      {
        "id": 125,
        "message": "已枚举高级配置和电源接口热区域 \\_TZ.TZ01。             \r\n_PSV = 0K             \r\n_TC1 = 1             \r\n_TC2 = 2             \r\n_TSP = 2000ms             \r\n_AC0 = 0K             \r\n_AC1 = 0K             \r\n_AC2 = 0K             \r\n_AC3 = 0K             \r\n_AC4 = 0K             \r\n_AC5 = 0K             \r\n_AC6 = 0K             \r\n_AC7 = 0K             \r\n_AC8 = 0K             \r\n_AC9 = 0K             \r\n_CRT = 393K             \r\n_HOT = 383K             \r\n最低限制 = 0             \r\n_CR3 = 0K",
        "provider": "Microsoft-Windows-Kernel-Power",
        "record_id": 336161,
        "time": "2026-10-09T21:17:51.5946413+08:00"
      },
      {
        "id": 20,
        "message": "闰秒配置已更新。\r\n原因: Leap second data initialized from registry during boot\r\n已启用闰秒: true\r\n新闰秒计数: 0\r\n旧闰秒计数: 0",
        "provider": "Microsoft-Windows-Kernel-General",
        "record_id": 336151,
        "time": "2026-10-09T21:17:49.9737269+08:00"
      },
      {
        "id": 25,
        "message": "系统时间已初始化为 ?2026?-?10?-?09T13:17:49.500000000Z. \r\n\r\n加载器时间： ?2026?-?10?-?09T13:17:48.000000000Z\r\n内部启动标志： 0x2\r\nHAL RTC 错误代码： 0x0\r\nRTC 时间为 UTC： false\r\n软启动： false\r\n成功： true\r\n阶段： 0",
        "provider": "Microsoft-Windows-Kernel-General",
        "record_id": 336136,
        "time": "2026-10-09T21:17:49.9593648+08:00"
      },
      {
        "id": 12,
        "message": "操作系统已在系统时间 ?2026?-?10?-?09T13:17:49.500000000Z 启动。",
        "provider": "Microsoft-Windows-Kernel-General",
        "record_id": 336135,
        "time": "2026-10-09T21:17:49.9593642+08:00"
      },
      {
        "id": 13,
        "message": "操作系统将在系统时间 ?2026?-?10?-?09T12:56:58.170702500Z 关闭。",
        "provider": "Microsoft-Windows-Kernel-General",
        "record_id": 336134,
        "time": "2026-10-09T20:56:58.1707048+08:00"
      },
      {
        "id": 577,
        "message": "系统已准备好从 Active 启动的系统。 ",
        "provider": "Microsoft-Windows-Kernel-Power",
        "record_id": 336133,
        "time": "2026-10-09T20:56:57.6711116+08:00"
      },
      {
        "id": 109,
        "message": "内核电源管理器已启动关闭转换。\r\n\r\nAction： Power Action Shutdown Off \r\n事件代码： 0x0 \r\n原因： Kernel API",
        "provider": "Microsoft-Windows-Kernel-Power",
        "record_id": 336132,
        "time": "2026-10-09T20:56:54.7813699+08:00"
      },
      {
        "id": 105,
        "message": "电源更改。",
        "provider": "Microsoft-Windows-Kernel-Power",
        "record_id": 336107,
        "time": "2026-10-09T20:56:38.6776879+08:00"
      },
      {
        "id": 158,
        "message": "时间提供程序“VMICTimeProvider”指示，当前的硬件和运行环境不受支持并且已停止。对于非 HyperV 来宾环境中的 VMICTimeProvider，这是正常现象。对于当前操作环境中的当前提供程序，这可能也是正常现象。",
        "provider": "Microsoft-Windows-Time-Service",
        "record_id": 335393,
        "time": "2026-10-09T18:34:44.7004720+08:00"
      },
      {
        "id": 158,
        "message": "时间提供程序“VMICTimeProvider”指示，当前的硬件和运行环境不受支持并且已停止。对于非 HyperV 来宾环境中的 VMICTimeProvider，这是正常现象。对于当前操作环境中的当前提供程序，这可能也是正常现象。",
        "provider": "Microsoft-Windows-Time-Service",
        "record_id": 335246,
        "time": "2026-10-09T18:17:40.6866784+08:00"
      },
      {
        "id": 158,
        "message": "时间提供程序“VMICTimeProvider”指示，当前的硬件和运行环境不受支持并且已停止。对于非 HyperV 来宾环境中的 VMICTimeProvider，这是正常现象。对于当前操作环境中的当前提供程序，这可能也是正常现象。",
        "provider": "Microsoft-Windows-Time-Service",
        "record_id": 335103,
        "time": "2026-10-09T18:00:36.6820392+08:00"
      },
      {
        "id": 158,
        "message": "时间提供程序“VMICTimeProvider”指示，当前的硬件和运行环境不受支持并且已停止。对于非 HyperV 来宾环境中的 VMICTimeProvider，这是正常现象。对于当前操作环境中的当前提供程序，这可能也是正常现象。",
        "provider": "Microsoft-Windows-Time-Service",
        "record_id": 335102,
        "time": "2026-10-09T17:43:32.6720743+08:00"
      },
      {
        "id": 16,
        "message": "已经清除配置单元 \\??\\C:\\Users\\28489\\AppData\\Local\\Packages\\OpenAI.Codex_2p2nqsd0c76g0\\SystemAppData\\Helium\\UserClasses.dat 中的访问历史记录，更新 1032 个项并创建 64 个已修改的页面。",
        "provider": "Microsoft-Windows-Kernel-General",
        "record_id": 334651,
        "time": "2026-10-09T17:28:44.4182495+08:00"
      },
      {
        "id": 16,
        "message": "已经清除配置单元 \\??\\C:\\Users\\28489\\AppData\\Local\\Packages\\OpenAI.Codex_2p2nqsd0c76g0\\SystemAppData\\Helium\\User.dat 中的访问历史记录，更新 50 个项并创建 11 个已修改的页面。",
        "provider": "Microsoft-Windows-Kernel-General",
        "record_id": 334650,
        "time": "2026-10-09T17:28:44.3099216+08:00"
      },
      {
        "id": 105,
        "message": "电源更改。",
        "provider": "Microsoft-Windows-Kernel-Power",
        "record_id": 334630,
        "time": "2026-10-09T17:26:20.7161500+08:00"
      },
      {
        "id": 158,
        "message": "时间提供程序“VMICTimeProvider”指示，当前的硬件和运行环境不受支持并且已停止。对于非 HyperV 来宾环境中的 VMICTimeProvider，这是正常现象。对于当前操作环境中的当前提供程序，这可能也是正常现象。",
        "provider": "Microsoft-Windows-Time-Service",
        "record_id": 334629,
        "time": "2026-10-09T17:26:12.6057820+08:00"
      },
      {
        "id": 16,
        "message": "已经清除配置单元 \\??\\C:\\ProgramData\\Packages\\B9ECED6F.ASUSPCAssistant_qmba6cd70vzyy\\S-1-5-21-3500202573-2542104746-2709771807-1001\\SystemAppData\\Helium\\Cache\\db9e4ee0997d747f_COM15.dat 中的访问历史记录，更新 1 个项并创建 1 个已修改的页面。",
        "provider": "Microsoft-Windows-Kernel-General",
        "record_id": 334627,
        "time": "2026-10-09T17:26:05.8560981+08:00"
      },
      {
        "id": 521,
        "message": "可用电池计数变化。",
        "provider": "Microsoft-Windows-Kernel-Power",
        "record_id": 334554,
        "time": "2026-10-09T17:21:26.2570772+08:00"
      },
      {
        "id": 105,
        "message": "电源更改。",
        "provider": "Microsoft-Windows-Kernel-Power",
        "record_id": 334553,
        "time": "2026-10-09T17:21:26.2546453+08:00"
      },
      {
        "id": 521,
        "message": "可用电池计数变化。",
        "provider": "Microsoft-Windows-Kernel-Power",
        "record_id": 334552,
        "time": "2026-10-09T17:21:26.2423537+08:00"
      },
      {
        "id": 24,
        "message": "已刷新时区信息，退出原因为 0。当前时区偏差为 -480。",
        "provider": "Microsoft-Windows-Kernel-General",
        "record_id": 334515,
        "time": "2026-10-09T17:21:01.0577516+08:00"
      },
      {
        "id": 172,
        "message": "备用连接状态: Disconnected，原因: Enforced",
        "provider": "Microsoft-Windows-Kernel-Power",
        "record_id": 334483,
        "time": "2026-10-09T17:20:46.3069503+08:00"
      },
      {
        "id": 125,
        "message": "已枚举高级配置和电源接口热区域 \\_TZ.TZ01。             \r\n_PSV = 0K             \r\n_TC1 = 1             \r\n_TC2 = 2             \r\n_TSP = 2000ms             \r\n_AC0 = 0K             \r\n_AC1 = 0K             \r\n_AC2 = 0K             \r\n_AC3 = 0K             \r\n_AC4 = 0K             \r\n_AC5 = 0K             \r\n_AC6 = 0K             \r\n_AC7 = 0K             \r\n_AC8 = 0K             \r\n_AC9 = 0K             \r\n_CRT = 393K             \r\n_HOT = 383K             \r\n最低限制 = 0             \r\n_CR3 = 0K",
        "provider": "Microsoft-Windows-Kernel-Power",
        "record_id": 334482,
        "time": "2026-10-09T17:20:46.3054393+08:00"
      },
      {
        "id": 20,
        "message": "闰秒配置已更新。\r\n原因: Leap second data initialized from registry during boot\r\n已启用闰秒: true\r\n新闰秒计数: 0\r\n旧闰秒计数: 0",
        "provider": "Microsoft-Windows-Kernel-General",
        "record_id": 334472,
        "time": "2026-10-09T17:20:44.9680529+08:00"
      },
      {
        "id": 25,
        "message": "系统时间已初始化为 ?2026?-?10?-?09T09:20:44.500000000Z. \r\n\r\n加载器时间： ?2026?-?10?-?09T09:20:43.000000000Z\r\n内部启动标志： 0x2\r\nHAL RTC 错误代码： 0x0\r\nRTC 时间为 UTC： false\r\n软启动： false\r\n成功： true\r\n阶段： 0",
        "provider": "Microsoft-Windows-Kernel-General",
        "record_id": 334457,
        "time": "2026-10-09T17:20:44.9559204+08:00"
      },
      {
        "id": 12,
        "message": "操作系统已在系统时间 ?2026?-?10?-?09T09:20:44.500000000Z 启动。",
        "provider": "Microsoft-Windows-Kernel-General",
        "record_id": 334456,
        "time": "2026-10-09T17:20:44.9559199+08:00"
      },
      {
        "id": 13,
        "message": "操作系统将在系统时间 ?2026?-?10?-?09T09:17:31.922238300Z 关闭。",
        "provider": "Microsoft-Windows-Kernel-General",
        "record_id": 334455,
        "time": "2026-10-09T17:17:31.9222400+08:00"
      },
      {
        "id": 577,
        "message": "系统已准备好从 Active 启动的系统。 ",
        "provider": "Microsoft-Windows-Kernel-Power",
        "record_id": 334454,
        "time": "2026-10-09T17:17:31.5013873+08:00"
      },
      {
        "id": 109,
        "message": "内核电源管理器已启动关闭转换。\r\n\r\nAction： Power Action Shutdown Off \r\n事件代码： 0x0 \r\n原因： Kernel API",
        "provider": "Microsoft-Windows-Kernel-Power",
        "record_id": 334453,
        "time": "2026-10-09T17:17:29.9507242+08:00"
      },
      {
        "id": 1,
        "message": "系统时间已从 ?2026?-?10?-?09T09:17:25.002860800Z.\r\n时间增量更改为 ?2026?-?10?-?09T09:17:25.003617200Z： 0 ms\r\n\r\n更改原因： An application or system component changed the time.\r\n进程： '\\Device\\HarddiskVolume3\\Windows\\System32\\svchost.exe' (PID 32572).\r\n\r\nRTC 时间： ?2026?-?10?-?09T17:17:25.003617200Z\r\n当前时区偏差 -480\r\nRTC 时间以 UTC： false\r\n系统时间基于 RTC 时间： false",
        "provider": "Microsoft-Windows-Kernel-General",
        "record_id": 334436,
        "time": "2026-10-09T17:17:25.0039272+08:00"
      },
      {
        "id": 24,
        "message": "已刷新时区信息，退出原因为 0。当前时区偏差为 -480。",
        "provider": "Microsoft-Windows-Kernel-General",
        "record_id": 334435,
        "time": "2026-10-09T17:17:25.0038970+08:00"
      },
      {
        "id": 524,
        "message": "Critical 电池触发器条件得到满足",
        "provider": "Microsoft-Windows-Kernel-Power",
        "record_id": 334426,
        "time": "2026-10-09T17:16:41.5094672+08:00"
      }
    ],
    "system_query_error": null,
    "system_settings_modified": false,
    "time_service_events": [
      {
        "id": 266,
        "message": "W32time 服务接收到要重新发现其时间源和/或重新同步时间的通知。原因代码:1 系统滴答计数: 49454500\r\n原因代码描述:\r\n0 : 来自管理员的显式时间重新同步请求\r\n1 : 此计算机上的电源状态变化\r\n2 : 更改至网络接口或网络拓扑\r\n3 : W32time 中的状态变更要求时间同步\r\n按照此通知执行的操作可能影响细化的时间同步精度。有关详细信息，请参阅 https://go.microsoft.com/fwlink/?linkid=845961。",
        "provider": "Microsoft-Windows-Time-Service",
        "record_id": 23433,
        "time": "2026-10-10T11:02:02.9841607+08:00"
      },
      {
        "id": 266,
        "message": "W32time 服务接收到要重新发现其时间源和/或重新同步时间的通知。原因代码:2 系统滴答计数: 47797000\r\n原因代码描述:\r\n0 : 来自管理员的显式时间重新同步请求\r\n1 : 此计算机上的电源状态变化\r\n2 : 更改至网络接口或网络拓扑\r\n3 : W32time 中的状态变更要求时间同步\r\n按照此通知执行的操作可能影响细化的时间同步精度。有关详细信息，请参阅 https://go.microsoft.com/fwlink/?linkid=845961。",
        "provider": "Microsoft-Windows-Time-Service",
        "record_id": 23432,
        "time": "2026-10-10T10:34:25.4821394+08:00"
      },
      {
        "id": 266,
        "message": "W32time 服务接收到要重新发现其时间源和/或重新同步时间的通知。原因代码:2 系统滴答计数: 44011687\r\n原因代码描述:\r\n0 : 来自管理员的显式时间重新同步请求\r\n1 : 此计算机上的电源状态变化\r\n2 : 更改至网络接口或网络拓扑\r\n3 : W32time 中的状态变更要求时间同步\r\n按照此通知执行的操作可能影响细化的时间同步精度。有关详细信息，请参阅 https://go.microsoft.com/fwlink/?linkid=845961。",
        "provider": "Microsoft-Windows-Time-Service",
        "record_id": 23431,
        "time": "2026-10-10T09:31:20.1589627+08:00"
      },
      {
        "id": 266,
        "message": "W32time 服务接收到要重新发现其时间源和/或重新同步时间的通知。原因代码:2 系统滴答计数: 38278734\r\n原因代码描述:\r\n0 : 来自管理员的显式时间重新同步请求\r\n1 : 此计算机上的电源状态变化\r\n2 : 更改至网络接口或网络拓扑\r\n3 : W32time 中的状态变更要求时间同步\r\n按照此通知执行的操作可能影响细化的时间同步精度。有关详细信息，请参阅 https://go.microsoft.com/fwlink/?linkid=845961。",
        "provider": "Microsoft-Windows-Time-Service",
        "record_id": 23430,
        "time": "2026-10-10T07:55:47.2180193+08:00"
      },
      {
        "id": 266,
        "message": "W32time 服务接收到要重新发现其时间源和/或重新同步时间的通知。原因代码:2 系统滴答计数: 34359921\r\n原因代码描述:\r\n0 : 来自管理员的显式时间重新同步请求\r\n1 : 此计算机上的电源状态变化\r\n2 : 更改至网络接口或网络拓扑\r\n3 : W32time 中的状态变更要求时间同步\r\n按照此通知执行的操作可能影响细化的时间同步精度。有关详细信息，请参阅 https://go.microsoft.com/fwlink/?linkid=845961。",
        "provider": "Microsoft-Windows-Time-Service",
        "record_id": 23429,
        "time": "2026-10-10T06:50:28.4130554+08:00"
      },
      {
        "id": 266,
        "message": "W32time 服务接收到要重新发现其时间源和/或重新同步时间的通知。原因代码:2 系统滴答计数: 32233062\r\n原因代码描述:\r\n0 : 来自管理员的显式时间重新同步请求\r\n1 : 此计算机上的电源状态变化\r\n2 : 更改至网络接口或网络拓扑\r\n3 : W32time 中的状态变更要求时间同步\r\n按照此通知执行的操作可能影响细化的时间同步精度。有关详细信息，请参阅 https://go.microsoft.com/fwlink/?linkid=845961。",
        "provider": "Microsoft-Windows-Time-Service",
        "record_id": 23428,
        "time": "2026-10-10T06:15:01.5341116+08:00"
      },
      {
        "id": 260,
        "message": "W32time 服务定期配置和状态消息\r\n配置:\r\nEventLogFlags: 2 (本地)\nAnnounceFlags: 10 (本地)\nTimeJumpAuditOffset: 28800 (本地)\nMinPollInterval: 10 (本地)\nMaxPollInterval: 15 (本地)\nMaxNegPhaseCorrection: 54000 (本地)\nMaxPosPhaseCorrection: 54000 (本地)\nMaxAllowedPhaseOffset: 1 (本地)\n\nFrequencyCorrectRate: 4 (本地)\nPollAdjustFactor: 5 (本地)\nLargePhaseOffset: 50000000 (本地)\nSpikeWatchPeriod: 900 (本地)\nLocalClockDispersion: 10 (本地)\nHoldPeriod: 5 (本地)\nPhaseCorrectRate: 1 (本地)\nUpdateInterval: 360000 (本地)\n\nFileLogName:  (本地)\nFileLogEntries:  (本地)\nFileLogSize: 0 (本地)\nFileLogFlags: 0 (未定义或未使用)\n\nUtilizeSslTimeData: 1 (本地)\n\n[Leap Seconds]\nEnabled: 1 (Local)\nTotal Leap Seconds (after June 2018): 0 (Local)\nCurrent UTC offset: 0 (Local)\n\r\n时间提供程序:\r\nNtpClient (本地)\nDllName: C:\\WINDOWS\\system32\\w32time.dll (本地)\nEnabled: 1 (本地)\nInputProvider: 1 (本地)\nCrossSiteSyncFlags: 0 (未定义或未使用)\nAllowNonstandardModeCombinations: 1 (本地)\nResolvePeerBackoffMinutes: 15 (本地)\nResolvePeerBackoffMaxTimes: 7 (本地)\nCompatibilityFlags: 2147483648 (本地)\nEventLogFlags: 1 (本地)\nLargeSampleSkew: 3 (本地)\nSpecialPollInterval: 32768 (本地)\nType: NTP (本地)\nNtpServer: time.windows.com,0x9 (本地)\n\nNtpServer (本地)\nDllName: C:\\WINDOWS\\system32\\w32time.dll (本地)\nEnabled: 0 (本地)\nInputProvider: 0 (本地)\n\n\n\r\n当前状态:\r\nLeap 指示符: 3\r\n层次: 0\r\n精度: -23\r\nRootDelay: 0.1093485s\r\nRootDispersion: 8.5908439s\r\nReferenceId: 0x00000000\r\n上次成功同步时间: 2026-10-09T13:20:23.268Z (UTC)\r\n源: time.windows.com,0x9 \r\n轮询间隔: 10\r\n相位偏移: -0.8205294s\r\n时钟速率: 156250\r\n状态机: 0\r\n时间源标志: 0\r\n服务器角色: 0\r\n上次同步错误: 1\r\n上次成功同步后的时间: 9054.1536863s\r\n系统滴答计数: 31608937\r\n有关详细信息，请参阅 https://go.microsoft.com/fwlink/?linkid=845961。",
        "provider": "Microsoft-Windows-Time-Service",
        "record_id": 23427,
        "time": "2026-10-10T06:04:37.4233548+08:00"
      },
      {
        "id": 259,
        "message": "NTP 客户端提供程序定期状态:\r\nNTP 客户端正在接收来自以下 NTP 服务器的时间数据: ; 且选定引用时间服务器为 。系统时钟周期计数为 31608921。IFTSTMP:1.\r\n有关详细信息，请参阅 https://go.microsoft.com/fwlink/?linkid=845961。",
        "provider": "Microsoft-Windows-Time-Service",
        "record_id": 23426,
        "time": "2026-10-10T06:04:37.3992266+08:00"
      },
      {
        "id": 266,
        "message": "W32time 服务接收到要重新发现其时间源和/或重新同步时间的通知。原因代码:2 系统滴答计数: 29791015\r\n原因代码描述:\r\n0 : 来自管理员的显式时间重新同步请求\r\n1 : 此计算机上的电源状态变化\r\n2 : 更改至网络接口或网络拓扑\r\n3 : W32time 中的状态变更要求时间同步\r\n按照此通知执行的操作可能影响细化的时间同步精度。有关详细信息，请参阅 https://go.microsoft.com/fwlink/?linkid=845961。",
        "provider": "Microsoft-Windows-Time-Service",
        "record_id": 23425,
        "time": "2026-10-10T05:34:19.4941185+08:00"
      },
      {
        "id": 266,
        "message": "W32time 服务接收到要重新发现其时间源和/或重新同步时间的通知。原因代码:2 系统滴答计数: 24361000\r\n原因代码描述:\r\n0 : 来自管理员的显式时间重新同步请求\r\n1 : 此计算机上的电源状态变化\r\n2 : 更改至网络接口或网络拓扑\r\n3 : W32time 中的状态变更要求时间同步\r\n按照此通知执行的操作可能影响细化的时间同步精度。有关详细信息，请参阅 https://go.microsoft.com/fwlink/?linkid=845961。",
        "provider": "Microsoft-Windows-Time-Service",
        "record_id": 23424,
        "time": "2026-10-10T04:03:49.4860869+08:00"
      },
      {
        "id": 266,
        "message": "W32time 服务接收到要重新发现其时间源和/或重新同步时间的通知。原因代码:1 系统滴答计数: 22554781\r\n原因代码描述:\r\n0 : 来自管理员的显式时间重新同步请求\r\n1 : 此计算机上的电源状态变化\r\n2 : 更改至网络接口或网络拓扑\r\n3 : W32time 中的状态变更要求时间同步\r\n按照此通知执行的操作可能影响细化的时间同步精度。有关详细信息，请参阅 https://go.microsoft.com/fwlink/?linkid=845961。",
        "provider": "Microsoft-Windows-Time-Service",
        "record_id": 23423,
        "time": "2026-10-10T03:33:43.2575181+08:00"
      },
      {
        "id": 266,
        "message": "W32time 服务接收到要重新发现其时间源和/或重新同步时间的通知。原因代码:2 系统滴答计数: 20770265\r\n原因代码描述:\r\n0 : 来自管理员的显式时间重新同步请求\r\n1 : 此计算机上的电源状态变化\r\n2 : 更改至网络接口或网络拓扑\r\n3 : W32time 中的状态变更要求时间同步\r\n按照此通知执行的操作可能影响细化的时间同步精度。有关详细信息，请参阅 https://go.microsoft.com/fwlink/?linkid=845961。",
        "provider": "Microsoft-Windows-Time-Service",
        "record_id": 23422,
        "time": "2026-10-10T03:03:58.7402629+08:00"
      },
      {
        "id": 266,
        "message": "W32time 服务接收到要重新发现其时间源和/或重新同步时间的通知。原因代码:2 系统滴答计数: 14476671\r\n原因代码描述:\r\n0 : 来自管理员的显式时间重新同步请求\r\n1 : 此计算机上的电源状态变化\r\n2 : 更改至网络接口或网络拓扑\r\n3 : W32time 中的状态变更要求时间同步\r\n按照此通知执行的操作可能影响细化的时间同步精度。有关详细信息，请参阅 https://go.microsoft.com/fwlink/?linkid=845961。",
        "provider": "Microsoft-Windows-Time-Service",
        "record_id": 23421,
        "time": "2026-10-10T01:19:05.1471550+08:00"
      },
      {
        "id": 266,
        "message": "W32time 服务接收到要重新发现其时间源和/或重新同步时间的通知。原因代码:1 系统滴答计数: 13980140\r\n原因代码描述:\r\n0 : 来自管理员的显式时间重新同步请求\r\n1 : 此计算机上的电源状态变化\r\n2 : 更改至网络接口或网络拓扑\r\n3 : W32time 中的状态变更要求时间同步\r\n按照此通知执行的操作可能影响细化的时间同步精度。有关详细信息，请参阅 https://go.microsoft.com/fwlink/?linkid=845961。",
        "provider": "Microsoft-Windows-Time-Service",
        "record_id": 23420,
        "time": "2026-10-10T01:10:48.6346287+08:00"
      },
      {
        "id": 261,
        "message": "W32time 服务已将系统时间设置为 2026-10-09T16:10:17.549Z (UTC)。上次系统时间为 2026-10-09T16:10:17.547Z (UTC)。系统滴答计数: 10349062\r\n有关详细信息，请参阅 https://go.microsoft.com/fwlink/?linkid=845961。",
        "provider": "Microsoft-Windows-Time-Service",
        "record_id": 23419,
        "time": "2026-10-10T00:10:17.5504715+08:00"
      },
      {
        "id": 263,
        "message": "W32time 服务配置参数已更新。这可能会影响细化的时间同步精度。\r\n更新的配置:\r\nEventLogFlags: 2 (本地)\nAnnounceFlags: 10 (本地)\nTimeJumpAuditOffset: 28800 (本地)\nMinPollInterval: 10 (本地)\nMaxPollInterval: 15 (本地)\nMaxNegPhaseCorrection: 54000 (本地)\nMaxPosPhaseCorrection: 54000 (本地)\nMaxAllowedPhaseOffset: 1 (本地)\n\nFrequencyCorrectRate: 4 (本地)\nPollAdjustFactor: 5 (本地)\nLargePhaseOffset: 50000000 (本地)\nSpikeWatchPeriod: 900 (本地)\nLocalClockDispersion: 10 (本地)\nHoldPeriod: 5 (本地)\nPhaseCorrectRate: 1 (本地)\nUpdateInterval: 360000 (本地)\n\nFileLogName:  (本地)\nFileLogEntries:  (本地)\nFileLogSize: 0 (本地)\nFileLogFlags: 0 (未定义或未使用)\n\nUtilizeSslTimeData: 1 (本地)\n\n[Leap Seconds]\nEnabled: 1 (Local)\nTotal Leap Seconds (after June 2018): 0 (Local)\nCurrent UTC offset: 0 (Local)\n\r\n更新的时间提供程序:\r\nNtpClient (本地)\nDllName: C:\\WINDOWS\\system32\\w32time.dll (本地)\nEnabled: 1 (本地)\nInputProvider: 1 (本地)\nCrossSiteSyncFlags: 0 (未定义或未使用)\nAllowNonstandardModeCombinations: 1 (本地)\nResolvePeerBackoffMinutes: 15 (本地)\nResolvePeerBackoffMaxTimes: 7 (本地)\nCompatibilityFlags: 2147483648 (本地)\nEventLogFlags: 1 (本地)\nLargeSampleSkew: 3 (本地)\nSpecialPollInterval: 32768 (本地)\nType: NTP (本地)\nNtpServer: time.windows.com,0x9 (本地)\n\nNtpServer (本地)\nDllName: C:\\WINDOWS\\system32\\w32time.dll (本地)\nEnabled: 0 (本地)\nInputProvider: 0 (本地)\n\n\n系统滴答计数: 4250109\r\n有关详细信息，请参阅 https://go.microsoft.com/fwlink/?linkid=845961。",
        "provider": "Microsoft-Windows-Time-Service",
        "record_id": 23418,
        "time": "2026-10-09T22:28:38.8432866+08:00"
      },
      {
        "id": 272,
        "message": "闰秒配置:\r\n已启用: 1 (本地)\r\n计数: 0 (本地)\r\nUTC 的当前偏移量(秒): 0 (本地)\r\n与设置一致的运行时状态: 1\r\n最新闰秒列表(本地):\r\n\r\n系统滴答计数: 4250093。\r\n\r\n有关详细信息，请访问 https://go.microsoft.com/fwlink/?linkid=845961。",
        "provider": "Microsoft-Windows-Time-Service",
        "record_id": 23417,
        "time": "2026-10-09T22:28:38.8377683+08:00"
      },
      {
        "id": 263,
        "message": "W32time 服务配置参数已更新。这可能会影响细化的时间同步精度。\r\n更新的配置:\r\nEventLogFlags: 2 (本地)\nAnnounceFlags: 10 (本地)\nTimeJumpAuditOffset: 28800 (本地)\nMinPollInterval: 10 (本地)\nMaxPollInterval: 15 (本地)\nMaxNegPhaseCorrection: 54000 (本地)\nMaxPosPhaseCorrection: 54000 (本地)\nMaxAllowedPhaseOffset: 1 (本地)\n\nFrequencyCorrectRate: 4 (本地)\nPollAdjustFactor: 5 (本地)\nLargePhaseOffset: 50000000 (本地)\nSpikeWatchPeriod: 900 (本地)\nLocalClockDispersion: 10 (本地)\nHoldPeriod: 5 (本地)\nPhaseCorrectRate: 1 (本地)\nUpdateInterval: 360000 (本地)\n\nFileLogName:  (本地)\nFileLogEntries:  (本地)\nFileLogSize: 0 (本地)\nFileLogFlags: 0 (未定义或未使用)\n\nUtilizeSslTimeData: 1 (本地)\n\n[Leap Seconds]\nEnabled: 1 (Local)\nTotal Leap Seconds (after June 2018): 0 (Local)\nCurrent UTC offset: 0 (Local)\n\r\n更新的时间提供程序:\r\nNtpClient (本地)\nDllName: C:\\WINDOWS\\system32\\w32time.dll (本地)\nEnabled: 1 (本地)\nInputProvider: 1 (本地)\nCrossSiteSyncFlags: 0 (未定义或未使用)\nAllowNonstandardModeCombinations: 1 (本地)\nResolvePeerBackoffMinutes: 15 (本地)\nResolvePeerBackoffMaxTimes: 7 (本地)\nCompatibilityFlags: 2147483648 (本地)\nEventLogFlags: 1 (本地)\nLargeSampleSkew: 3 (本地)\nSpecialPollInterval: 32768 (本地)\nType: NTP (本地)\nNtpServer: time.windows.com,0x9 (本地)\n\nNtpServer (本地)\nDllName: C:\\WINDOWS\\system32\\w32time.dll (本地)\nEnabled: 0 (本地)\nInputProvider: 0 (本地)\n\n\n系统滴答计数: 3226078\r\n有关详细信息，请参阅 https://go.microsoft.com/fwlink/?linkid=845961。",
        "provider": "Microsoft-Windows-Time-Service",
        "record_id": 23416,
        "time": "2026-10-09T22:11:34.9374938+08:00"
      },
      {
        "id": 272,
        "message": "闰秒配置:\r\n已启用: 1 (本地)\r\n计数: 0 (本地)\r\nUTC 的当前偏移量(秒): 0 (本地)\r\n与设置一致的运行时状态: 1\r\n最新闰秒列表(本地):\r\n\r\n系统滴答计数: 3226062。\r\n\r\n有关详细信息，请访问 https://go.microsoft.com/fwlink/?linkid=845961。",
        "provider": "Microsoft-Windows-Time-Service",
        "record_id": 23415,
        "time": "2026-10-09T22:11:34.9179942+08:00"
      },
      {
        "id": 263,
        "message": "W32time 服务配置参数已更新。这可能会影响细化的时间同步精度。\r\n更新的配置:\r\nEventLogFlags: 2 (本地)\nAnnounceFlags: 10 (本地)\nTimeJumpAuditOffset: 28800 (本地)\nMinPollInterval: 10 (本地)\nMaxPollInterval: 15 (本地)\nMaxNegPhaseCorrection: 54000 (本地)\nMaxPosPhaseCorrection: 54000 (本地)\nMaxAllowedPhaseOffset: 1 (本地)\n\nFrequencyCorrectRate: 4 (本地)\nPollAdjustFactor: 5 (本地)\nLargePhaseOffset: 50000000 (本地)\nSpikeWatchPeriod: 900 (本地)\nLocalClockDispersion: 10 (本地)\nHoldPeriod: 5 (本地)\nPhaseCorrectRate: 1 (本地)\nUpdateInterval: 360000 (本地)\n\nFileLogName:  (本地)\nFileLogEntries:  (本地)\nFileLogSize: 0 (本地)\nFileLogFlags: 0 (未定义或未使用)\n\nUtilizeSslTimeData: 1 (本地)\n\n[Leap Seconds]\nEnabled: 1 (Local)\nTotal Leap Seconds (after June 2018): 0 (Local)\nCurrent UTC offset: 0 (Local)\n\r\n更新的时间提供程序:\r\nNtpClient (本地)\nDllName: C:\\WINDOWS\\system32\\w32time.dll (本地)\nEnabled: 1 (本地)\nInputProvider: 1 (本地)\nCrossSiteSyncFlags: 0 (未定义或未使用)\nAllowNonstandardModeCombinations: 1 (本地)\nResolvePeerBackoffMinutes: 15 (本地)\nResolvePeerBackoffMaxTimes: 7 (本地)\nCompatibilityFlags: 2147483648 (本地)\nEventLogFlags: 1 (本地)\nLargeSampleSkew: 3 (本地)\nSpecialPollInterval: 32768 (本地)\nType: NTP (本地)\nNtpServer: time.windows.com,0x9 (本地)\n\nNtpServer (本地)\nDllName: C:\\WINDOWS\\system32\\w32time.dll (本地)\nEnabled: 0 (本地)\nInputProvider: 0 (本地)\n\n\n系统滴答计数: 2202046\r\n有关详细信息，请参阅 https://go.microsoft.com/fwlink/?linkid=845961。",
        "provider": "Microsoft-Windows-Time-Service",
        "record_id": 23414,
        "time": "2026-10-09T21:54:31.0715160+08:00"
      },
      {
        "id": 272,
        "message": "闰秒配置:\r\n已启用: 1 (本地)\r\n计数: 0 (本地)\r\nUTC 的当前偏移量(秒): 0 (本地)\r\n与设置一致的运行时状态: 1\r\n最新闰秒列表(本地):\r\n\r\n系统滴答计数: 2202046。\r\n\r\n有关详细信息，请访问 https://go.microsoft.com/fwlink/?linkid=845961。",
        "provider": "Microsoft-Windows-Time-Service",
        "record_id": 23413,
        "time": "2026-10-09T21:54:31.0672433+08:00"
      },
      {
        "id": 263,
        "message": "W32time 服务配置参数已更新。这可能会影响细化的时间同步精度。\r\n更新的配置:\r\nEventLogFlags: 2 (本地)\nAnnounceFlags: 10 (本地)\nTimeJumpAuditOffset: 28800 (本地)\nMinPollInterval: 10 (本地)\nMaxPollInterval: 15 (本地)\nMaxNegPhaseCorrection: 54000 (本地)\nMaxPosPhaseCorrection: 54000 (本地)\nMaxAllowedPhaseOffset: 1 (本地)\n\nFrequencyCorrectRate: 4 (本地)\nPollAdjustFactor: 5 (本地)\nLargePhaseOffset: 50000000 (本地)\nSpikeWatchPeriod: 900 (本地)\nLocalClockDispersion: 10 (本地)\nHoldPeriod: 5 (本地)\nPhaseCorrectRate: 1 (本地)\nUpdateInterval: 360000 (本地)\n\nFileLogName:  (本地)\nFileLogEntries:  (本地)\nFileLogSize: 0 (本地)\nFileLogFlags: 0 (未定义或未使用)\n\nUtilizeSslTimeData: 1 (本地)\n\n[Leap Seconds]\nEnabled: 1 (Local)\nTotal Leap Seconds (after June 2018): 0 (Local)\nCurrent UTC offset: 0 (Local)\n\r\n更新的时间提供程序:\r\nNtpClient (本地)\nDllName: C:\\WINDOWS\\system32\\w32time.dll (本地)\nEnabled: 1 (本地)\nInputProvider: 1 (本地)\nCrossSiteSyncFlags: 0 (未定义或未使用)\nAllowNonstandardModeCombinations: 1 (本地)\nResolvePeerBackoffMinutes: 15 (本地)\nResolvePeerBackoffMaxTimes: 7 (本地)\nCompatibilityFlags: 2147483648 (本地)\nEventLogFlags: 1 (本地)\nLargeSampleSkew: 3 (本地)\nSpecialPollInterval: 32768 (本地)\nType: NTP (本地)\nNtpServer: time.windows.com,0x9 (本地)\n\nNtpServer (本地)\nDllName: C:\\WINDOWS\\system32\\w32time.dll (本地)\nEnabled: 0 (本地)\nInputProvider: 0 (本地)\n\n\n系统滴答计数: 1178031\r\n有关详细信息，请参阅 https://go.microsoft.com/fwlink/?linkid=845961。",
        "provider": "Microsoft-Windows-Time-Service",
        "record_id": 23412,
        "time": "2026-10-09T21:37:27.2891533+08:00"
      },
      {
        "id": 272,
        "message": "闰秒配置:\r\n已启用: 1 (本地)\r\n计数: 0 (本地)\r\nUTC 的当前偏移量(秒): 0 (本地)\r\n与设置一致的运行时状态: 1\r\n最新闰秒列表(本地):\r\n\r\n系统滴答计数: 1178031。\r\n\r\n有关详细信息，请访问 https://go.microsoft.com/fwlink/?linkid=845961。",
        "provider": "Microsoft-Windows-Time-Service",
        "record_id": 23411,
        "time": "2026-10-09T21:37:27.2854433+08:00"
      },
      {
        "id": 260,
        "message": "W32time 服务定期配置和状态消息\r\n配置:\r\nEventLogFlags: 2 (本地)\nAnnounceFlags: 10 (本地)\nTimeJumpAuditOffset: 28800 (本地)\nMinPollInterval: 10 (本地)\nMaxPollInterval: 15 (本地)\nMaxNegPhaseCorrection: 54000 (本地)\nMaxPosPhaseCorrection: 54000 (本地)\nMaxAllowedPhaseOffset: 1 (本地)\n\nFrequencyCorrectRate: 4 (本地)\nPollAdjustFactor: 5 (本地)\nLargePhaseOffset: 50000000 (本地)\nSpikeWatchPeriod: 900 (本地)\nLocalClockDispersion: 10 (本地)\nHoldPeriod: 5 (本地)\nPhaseCorrectRate: 1 (本地)\nUpdateInterval: 360000 (本地)\n\nFileLogName:  (本地)\nFileLogEntries:  (本地)\nFileLogSize: 0 (本地)\nFileLogFlags: 0 (未定义或未使用)\n\nUtilizeSslTimeData: 1 (本地)\n\n[Leap Seconds]\nEnabled: 1 (Local)\nTotal Leap Seconds (after June 2018): 0 (Local)\nCurrent UTC offset: 0 (Local)\n\r\n时间提供程序:\r\nNtpClient (本地)\nDllName: C:\\WINDOWS\\system32\\w32time.dll (本地)\nEnabled: 1 (本地)\nInputProvider: 1 (本地)\nCrossSiteSyncFlags: 0 (未定义或未使用)\nAllowNonstandardModeCombinations: 1 (本地)\nResolvePeerBackoffMinutes: 15 (本地)\nResolvePeerBackoffMaxTimes: 7 (本地)\nCompatibilityFlags: 2147483648 (本地)\nEventLogFlags: 1 (本地)\nLargeSampleSkew: 3 (本地)\nSpecialPollInterval: 32768 (本地)\nType: NTP (本地)\nNtpServer: time.windows.com,0x9 (本地)\n\nNtpServer (本地)\nDllName: C:\\WINDOWS\\system32\\w32time.dll (本地)\nEnabled: 0 (本地)\nInputProvider: 0 (本地)\n\n\n\r\n当前状态:\r\nLeap 指示符: 0\r\n层次: 5\r\n精度: -23\r\nRootDelay: 0.1093485s\r\nRootDispersion: 8.5908439s\r\nReferenceId: 0x34E772B7\r\n上次成功同步时间: 2026-10-09T13:20:23.268Z (UTC)\r\n源: time.windows.com,0x9 \r\n轮询间隔: 10\r\n相位偏移: -0.8204270s\r\n时钟速率: 156250\r\n状态机: 1\r\n时间源标志: 0\r\n服务器角色: 0\r\n上次同步错误: 2\r\n上次成功同步后的时间: 1024.0129283s\r\n系统滴答计数: 1178031\r\n有关详细信息，请参阅 https://go.microsoft.com/fwlink/?linkid=845961。",
        "provider": "Microsoft-Windows-Time-Service",
        "record_id": 23410,
        "time": "2026-10-09T21:37:27.2842276+08:00"
      },
      {
        "id": 259,
        "message": "NTP 客户端提供程序定期状态:\r\nNTP 客户端正在接收来自以下 NTP 服务器的时间数据: time.windows.com,0x9 (ntp.m|0x9|0.0.0.0:123->52.231.114.183:123); 且选定引用时间服务器为 time.windows.com,0x9 (ntp.m|0x9|0.0.0.0:123->52.231.114.183:123) (RefID:0x0834e772b7)。系统时钟周期计数为 1178031。IFTSTMP:1.\r\n有关详细信息，请参阅 https://go.microsoft.com/fwlink/?linkid=845961。",
        "provider": "Microsoft-Windows-Time-Service",
        "record_id": 23409,
        "time": "2026-10-09T21:37:27.2835935+08:00"
      },
      {
        "id": 265,
        "message": "时间服务正在使用引用 ID 为 0x34E772B7 的引用时间源 time.windows.com,0x9 (ntp.m|0x9|0.0.0.0:123->52.231.114.183:123) 同步系统时间。当前本地层次编号为 5，系统滴答计数: 154015。\r\n有关详细信息，请参阅 https://go.microsoft.com/fwlink/?linkid=845961。",
        "provider": "Microsoft-Windows-Time-Service",
        "record_id": 23408,
        "time": "2026-10-09T21:20:23.2705905+08:00"
      },
      {
        "id": 264,
        "message": "NTP 客户端观察到更改对等机可访问性。NTP 客户端正在接收来自以下 NTP 服务器的时间数据: time.windows.com,0x9 (ntp.m|0x9|0.0.0.0:123->52.231.114.183:123);。系统滴答计数: 139640。\r\n有关详细信息，请参阅 https://go.microsoft.com/fwlink/?linkid=845961。",
        "provider": "Microsoft-Windows-Time-Service",
        "record_id": 23407,
        "time": "2026-10-09T21:20:08.8998313+08:00"
      },
      {
        "id": 257,
        "message": "已于 2026-10-09T13:20:07.259Z (UTC) 启动 W32time 服务，系统滴答计数为 137968。\r\n配置:\r\nEventLogFlags: 2 (本地)\nAnnounceFlags: 10 (本地)\nTimeJumpAuditOffset: 28800 (本地)\nMinPollInterval: 10 (本地)\nMaxPollInterval: 15 (本地)\nMaxNegPhaseCorrection: 54000 (本地)\nMaxPosPhaseCorrection: 54000 (本地)\nMaxAllowedPhaseOffset: 1 (本地)\n\nFrequencyCorrectRate: 4 (本地)\nPollAdjustFactor: 5 (本地)\nLargePhaseOffset: 50000000 (本地)\nSpikeWatchPeriod: 900 (本地)\nLocalClockDispersion: 10 (本地)\nHoldPeriod: 5 (本地)\nPhaseCorrectRate: 1 (本地)\nUpdateInterval: 360000 (本地)\n\nFileLogName:  (本地)\nFileLogEntries:  (本地)\nFileLogSize: 0 (本地)\nFileLogFlags: 0 (未定义或未使用)\n\nUtilizeSslTimeData: 1 (本地)\n\n[Leap Seconds]\nEnabled: 1 (Local)\nTotal Leap Seconds (after June 2018): 0 (Local)\nCurrent UTC offset: 0 (Local)\n\r\n时间提供程序:\r\nNtpClient (本地)\nDllName: C:\\WINDOWS\\system32\\w32time.dll (本地)\nEnabled: 1 (本地)\nInputProvider: 1 (本地)\nCrossSiteSyncFlags: 0 (未定义或未使用)\nAllowNonstandardModeCombinations: 1 (本地)\nResolvePeerBackoffMinutes: 15 (本地)\nResolvePeerBackoffMaxTimes: 7 (本地)\nCompatibilityFlags: 2147483648 (本地)\nEventLogFlags: 1 (本地)\nLargeSampleSkew: 3 (本地)\nSpecialPollInterval: 32768 (本地)\nType: NTP (本地)\nNtpServer: time.windows.com,0x9 (本地)\n\nNtpServer (本地)\nDllName: C:\\WINDOWS\\system32\\w32time.dll (本地)\nEnabled: 0 (本地)\nInputProvider: 0 (本地)\n\n\n时钟速率:156250\r\n有关详细信息，请参阅 https://go.microsoft.com/fwlink/?linkid=845961。",
        "provider": "Microsoft-Windows-Time-Service",
        "record_id": 23406,
        "time": "2026-10-09T21:20:07.2596372+08:00"
      },
      {
        "id": 272,
        "message": "闰秒配置:\r\n已启用: 1 (本地)\r\n计数: 0 (本地)\r\nUTC 的当前偏移量(秒): 0 (本地)\r\n与设置一致的运行时状态: 1\r\n最新闰秒列表(本地):\r\n\r\n系统滴答计数: 137968。\r\n\r\n有关详细信息，请访问 https://go.microsoft.com/fwlink/?linkid=845961。",
        "provider": "Microsoft-Windows-Time-Service",
        "record_id": 23405,
        "time": "2026-10-09T21:20:07.2323492+08:00"
      },
      {
        "id": 263,
        "message": "W32time 服务配置参数已更新。这可能会影响细化的时间同步精度。\r\n更新的配置:\r\nEventLogFlags: 2 (本地)\nAnnounceFlags: 10 (本地)\nTimeJumpAuditOffset: 28800 (本地)\nMinPollInterval: 10 (本地)\nMaxPollInterval: 15 (本地)\nMaxNegPhaseCorrection: 54000 (本地)\nMaxPosPhaseCorrection: 54000 (本地)\nMaxAllowedPhaseOffset: 1 (本地)\n\nFrequencyCorrectRate: 4 (本地)\nPollAdjustFactor: 5 (本地)\nLargePhaseOffset: 50000000 (本地)\nSpikeWatchPeriod: 900 (本地)\nLocalClockDispersion: 10 (本地)\nHoldPeriod: 5 (本地)\nPhaseCorrectRate: 1 (本地)\nUpdateInterval: 360000 (本地)\n\nFileLogName:  (本地)\nFileLogEntries:  (本地)\nFileLogSize: 0 (本地)\nFileLogFlags: 0 (未定义或未使用)\n\nUtilizeSslTimeData: 1 (本地)\n\n[Leap Seconds]\nEnabled: 1 (Local)\nTotal Leap Seconds (after June 2018): 0 (Local)\nCurrent UTC offset: 0 (Local)\n\r\n更新的时间提供程序:\r\nNtpClient (本地)\nDllName: C:\\WINDOWS\\system32\\w32time.dll (本地)\nEnabled: 1 (本地)\nInputProvider: 1 (本地)\nCrossSiteSyncFlags: 0 (未定义或未使用)\nAllowNonstandardModeCombinations: 1 (本地)\nResolvePeerBackoffMinutes: 15 (本地)\nResolvePeerBackoffMaxTimes: 7 (本地)\nCompatibilityFlags: 2147483648 (本地)\nEventLogFlags: 1 (本地)\nLargeSampleSkew: 3 (本地)\nSpecialPollInterval: 32768 (本地)\nType: NTP (本地)\nNtpServer: time.windows.com,0x9 (本地)\n\nNtpServer (本地)\nDllName: C:\\WINDOWS\\system32\\w32time.dll (本地)\nEnabled: 0 (本地)\nInputProvider: 0 (本地)\n\n\n系统滴答计数: 4440437\r\n有关详细信息，请参阅 https://go.microsoft.com/fwlink/?linkid=845961。",
        "provider": "Microsoft-Windows-Time-Service",
        "record_id": 23404,
        "time": "2026-10-09T18:34:44.7006803+08:00"
      },
      {
        "id": 272,
        "message": "闰秒配置:\r\n已启用: 1 (本地)\r\n计数: 0 (本地)\r\nUTC 的当前偏移量(秒): 0 (本地)\r\n与设置一致的运行时状态: 1\r\n最新闰秒列表(本地):\r\n\r\n系统滴答计数: 4440437。\r\n\r\n有关详细信息，请访问 https://go.microsoft.com/fwlink/?linkid=845961。",
        "provider": "Microsoft-Windows-Time-Service",
        "record_id": 23403,
        "time": "2026-10-09T18:34:44.6975866+08:00"
      },
      {
        "id": 263,
        "message": "W32time 服务配置参数已更新。这可能会影响细化的时间同步精度。\r\n更新的配置:\r\nEventLogFlags: 2 (本地)\nAnnounceFlags: 10 (本地)\nTimeJumpAuditOffset: 28800 (本地)\nMinPollInterval: 10 (本地)\nMaxPollInterval: 15 (本地)\nMaxNegPhaseCorrection: 54000 (本地)\nMaxPosPhaseCorrection: 54000 (本地)\nMaxAllowedPhaseOffset: 1 (本地)\n\nFrequencyCorrectRate: 4 (本地)\nPollAdjustFactor: 5 (本地)\nLargePhaseOffset: 50000000 (本地)\nSpikeWatchPeriod: 900 (本地)\nLocalClockDispersion: 10 (本地)\nHoldPeriod: 5 (本地)\nPhaseCorrectRate: 1 (本地)\nUpdateInterval: 360000 (本地)\n\nFileLogName:  (本地)\nFileLogEntries:  (本地)\nFileLogSize: 0 (本地)\nFileLogFlags: 0 (未定义或未使用)\n\nUtilizeSslTimeData: 1 (本地)\n\n[Leap Seconds]\nEnabled: 1 (Local)\nTotal Leap Seconds (after June 2018): 0 (Local)\nCurrent UTC offset: 0 (Local)\n\r\n更新的时间提供程序:\r\nNtpClient (本地)\nDllName: C:\\WINDOWS\\system32\\w32time.dll (本地)\nEnabled: 1 (本地)\nInputProvider: 1 (本地)\nCrossSiteSyncFlags: 0 (未定义或未使用)\nAllowNonstandardModeCombinations: 1 (本地)\nResolvePeerBackoffMinutes: 15 (本地)\nResolvePeerBackoffMaxTimes: 7 (本地)\nCompatibilityFlags: 2147483648 (本地)\nEventLogFlags: 1 (本地)\nLargeSampleSkew: 3 (本地)\nSpecialPollInterval: 32768 (本地)\nType: NTP (本地)\nNtpServer: time.windows.com,0x9 (本地)\n\nNtpServer (本地)\nDllName: C:\\WINDOWS\\system32\\w32time.dll (本地)\nEnabled: 0 (本地)\nInputProvider: 0 (本地)\n\n\n系统滴答计数: 3416437\r\n有关详细信息，请参阅 https://go.microsoft.com/fwlink/?linkid=845961。",
        "provider": "Microsoft-Windows-Time-Service",
        "record_id": 23402,
        "time": "2026-10-09T18:17:40.6868468+08:00"
      },
      {
        "id": 272,
        "message": "闰秒配置:\r\n已启用: 1 (本地)\r\n计数: 0 (本地)\r\nUTC 的当前偏移量(秒): 0 (本地)\r\n与设置一致的运行时状态: 1\r\n最新闰秒列表(本地):\r\n\r\n系统滴答计数: 3416421。\r\n\r\n有关详细信息，请访问 https://go.microsoft.com/fwlink/?linkid=845961。",
        "provider": "Microsoft-Windows-Time-Service",
        "record_id": 23401,
        "time": "2026-10-09T18:17:40.6842318+08:00"
      },
      {
        "id": 263,
        "message": "W32time 服务配置参数已更新。这可能会影响细化的时间同步精度。\r\n更新的配置:\r\nEventLogFlags: 2 (本地)\nAnnounceFlags: 10 (本地)\nTimeJumpAuditOffset: 28800 (本地)\nMinPollInterval: 10 (本地)\nMaxPollInterval: 15 (本地)\nMaxNegPhaseCorrection: 54000 (本地)\nMaxPosPhaseCorrection: 54000 (本地)\nMaxAllowedPhaseOffset: 1 (本地)\n\nFrequencyCorrectRate: 4 (本地)\nPollAdjustFactor: 5 (本地)\nLargePhaseOffset: 50000000 (本地)\nSpikeWatchPeriod: 900 (本地)\nLocalClockDispersion: 10 (本地)\nHoldPeriod: 5 (本地)\nPhaseCorrectRate: 1 (本地)\nUpdateInterval: 360000 (本地)\n\nFileLogName:  (本地)\nFileLogEntries:  (本地)\nFileLogSize: 0 (本地)\nFileLogFlags: 0 (未定义或未使用)\n\nUtilizeSslTimeData: 1 (本地)\n\n[Leap Seconds]\nEnabled: 1 (Local)\nTotal Leap Seconds (after June 2018): 0 (Local)\nCurrent UTC offset: 0 (Local)\n\r\n更新的时间提供程序:\r\nNtpClient (本地)\nDllName: C:\\WINDOWS\\system32\\w32time.dll (本地)\nEnabled: 1 (本地)\nInputProvider: 1 (本地)\nCrossSiteSyncFlags: 0 (未定义或未使用)\nAllowNonstandardModeCombinations: 1 (本地)\nResolvePeerBackoffMinutes: 15 (本地)\nResolvePeerBackoffMaxTimes: 7 (本地)\nCompatibilityFlags: 2147483648 (本地)\nEventLogFlags: 1 (本地)\nLargeSampleSkew: 3 (本地)\nSpecialPollInterval: 32768 (本地)\nType: NTP (本地)\nNtpServer: time.windows.com,0x9 (本地)\n\nNtpServer (本地)\nDllName: C:\\WINDOWS\\system32\\w32time.dll (本地)\nEnabled: 0 (本地)\nInputProvider: 0 (本地)\n\n\n系统滴答计数: 2392421\r\n有关详细信息，请参阅 https://go.microsoft.com/fwlink/?linkid=845961。",
        "provider": "Microsoft-Windows-Time-Service",
        "record_id": 23400,
        "time": "2026-10-09T18:00:36.6822583+08:00"
      },
      {
        "id": 272,
        "message": "闰秒配置:\r\n已启用: 1 (本地)\r\n计数: 0 (本地)\r\nUTC 的当前偏移量(秒): 0 (本地)\r\n与设置一致的运行时状态: 1\r\n最新闰秒列表(本地):\r\n\r\n系统滴答计数: 2392421。\r\n\r\n有关详细信息，请访问 https://go.microsoft.com/fwlink/?linkid=845961。",
        "provider": "Microsoft-Windows-Time-Service",
        "record_id": 23399,
        "time": "2026-10-09T18:00:36.6785720+08:00"
      },
      {
        "id": 263,
        "message": "W32time 服务配置参数已更新。这可能会影响细化的时间同步精度。\r\n更新的配置:\r\nEventLogFlags: 2 (本地)\nAnnounceFlags: 10 (本地)\nTimeJumpAuditOffset: 28800 (本地)\nMinPollInterval: 10 (本地)\nMaxPollInterval: 15 (本地)\nMaxNegPhaseCorrection: 54000 (本地)\nMaxPosPhaseCorrection: 54000 (本地)\nMaxAllowedPhaseOffset: 1 (本地)\n\nFrequencyCorrectRate: 4 (本地)\nPollAdjustFactor: 5 (本地)\nLargePhaseOffset: 50000000 (本地)\nSpikeWatchPeriod: 900 (本地)\nLocalClockDispersion: 10 (本地)\nHoldPeriod: 5 (本地)\nPhaseCorrectRate: 1 (本地)\nUpdateInterval: 360000 (本地)\n\nFileLogName:  (本地)\nFileLogEntries:  (本地)\nFileLogSize: 0 (本地)\nFileLogFlags: 0 (未定义或未使用)\n\nUtilizeSslTimeData: 1 (本地)\n\n[Leap Seconds]\nEnabled: 1 (Local)\nTotal Leap Seconds (after June 2018): 0 (Local)\nCurrent UTC offset: 0 (Local)\n\r\n更新的时间提供程序:\r\nNtpClient (本地)\nDllName: C:\\WINDOWS\\system32\\w32time.dll (本地)\nEnabled: 1 (本地)\nInputProvider: 1 (本地)\nCrossSiteSyncFlags: 0 (未定义或未使用)\nAllowNonstandardModeCombinations: 1 (本地)\nResolvePeerBackoffMinutes: 15 (本地)\nResolvePeerBackoffMaxTimes: 7 (本地)\nCompatibilityFlags: 2147483648 (本地)\nEventLogFlags: 1 (本地)\nLargeSampleSkew: 3 (本地)\nSpecialPollInterval: 32768 (本地)\nType: NTP (本地)\nNtpServer: time.windows.com,0x9 (本地)\n\nNtpServer (本地)\nDllName: C:\\WINDOWS\\system32\\w32time.dll (本地)\nEnabled: 0 (本地)\nInputProvider: 0 (本地)\n\n\n系统滴答计数: 1368421\r\n有关详细信息，请参阅 https://go.microsoft.com/fwlink/?linkid=845961。",
        "provider": "Microsoft-Windows-Time-Service",
        "record_id": 23398,
        "time": "2026-10-09T17:43:32.6722820+08:00"
      },
      {
        "id": 272,
        "message": "闰秒配置:\r\n已启用: 1 (本地)\r\n计数: 0 (本地)\r\nUTC 的当前偏移量(秒): 0 (本地)\r\n与设置一致的运行时状态: 1\r\n最新闰秒列表(本地):\r\n\r\n系统滴答计数: 1368406。\r\n\r\n有关详细信息，请访问 https://go.microsoft.com/fwlink/?linkid=845961。",
        "provider": "Microsoft-Windows-Time-Service",
        "record_id": 23397,
        "time": "2026-10-09T17:43:32.6674461+08:00"
      },
